<?xml version="1.0" encoding="UTF-8"?>
<!-- Generated by org.testng.reporters.JUnitReportReporter -->
<testsuite hostname="DESKTOP-RF178MA" failures="0" tests="3" name="TestNG.example3_EmailableReport" time="0.018" errors="0" timestamp="2023-06-08T00:56:05 IST" skipped="0">
  <testcase classname="TestNG.example3_EmailableReport" name="TC2" time="0.002"/>
  <system-out>
    <![CDATA[running TC2 test case]]>
  </system-out>
  <testcase classname="TestNG.example3_EmailableReport" name="TC3" time="0.005"/>
  <system-out>
    <![CDATA[running TC3 test case]]>
  </system-out>
  <testcase classname="TestNG.example3_EmailableReport" name="TC1" time="0.011"/>
  <system-out>
    <![CDATA[running TC1 test case]]>
  </system-out>
</testsuite> <!-- TestNG.example3_EmailableReport -->
