<?xml version="1.0" encoding="UTF-8"?>
<!-- Generated by org.testng.reporters.JUnitReportReporter -->
<testsuite hostname="DESKTOP-RF178MA" failures="0" tests="1" name="TestNG.example11_Parallel2" time="13.699" errors="0" timestamp="2023-06-21T13:12:35 IST" skipped="0">
  <testcase classname="TestNG.example11_Parallel2" name="openGoogleApp" time="13.699"/>
  <system-out/>
</testsuite> <!-- TestNG.example11_Parallel2 -->
