<?xml version="1.0" encoding="UTF-8"?>
<!-- Generated by org.testng.reporters.JUnitReportReporter -->
<testsuite hostname="DESKTOP-RF178MA" failures="0" tests="2" name="TestNG.example8_DisableTCExecutionFromTestSuite" time="0.016" errors="0" timestamp="2023-06-21T12:54:53 IST" skipped="0">
  <testcase classname="TestNG.example8_DisableTCExecutionFromTestSuite" name="TC2" time="0.004"/>
  <system-out>
    <![CDATA[--running TC2--]]>
  </system-out>
  <testcase classname="TestNG.example8_DisableTCExecutionFromTestSuite" name="TC1" time="0.012"/>
  <system-out>
    <![CDATA[--running TC1--]]>
  </system-out>
</testsuite> <!-- TestNG.example8_DisableTCExecutionFromTestSuite -->
