<?xml version="1.0" encoding="UTF-8"?>
<!-- Generated by org.testng.reporters.JUnitReportReporter -->
<testsuite hostname="DESKTOP-RF178MA" failures="0" tests="3" name="TestNG.example5_TestNGKeyword2_EnableFalse" time="0.014" errors="0" timestamp="2023-06-08T01:11:30 IST" skipped="2">
  <testcase classname="TestNG.example5_TestNGKeyword2_EnableFalse" name="TC1" time="0.014"/>
  <system-out>
    <![CDATA[--running TC1--]]>
  </system-out>
  <testcase classname="TestNG.example5_TestNGKeyword2_EnableFalse" name="TC3">
    <skipped/>
  </testcase> <!-- TC3 -->
  <system-out/>
  <testcase classname="TestNG.example5_TestNGKeyword2_EnableFalse" name="TC2">
    <skipped/>
  </testcase> <!-- TC2 -->
  <system-out/>
</testsuite> <!-- TestNG.example5_TestNGKeyword2_EnableFalse -->
