<?xml version="1.0" encoding="UTF-8"?>
<!-- Generated by org.testng.reporters.JUnitReportReporter -->
<testsuite hostname="DESKTOP-RF178MA" failures="0" tests="3" name="TestNG.example10_grouping2" time="0.000" errors="0" timestamp="2023-06-21T13:06:24 IST" skipped="0">
  <testcase classname="TestNG.example10_grouping2" name="TC3" time="0.000"/>
  <system-out>
    <![CDATA[--running TC3--]]>
  </system-out>
  <testcase classname="TestNG.example10_grouping2" name="TC4" time="0.000"/>
  <system-out>
    <![CDATA[--running TC4--]]>
  </system-out>
  <testcase classname="TestNG.example10_grouping2" name="TC2" time="0.000"/>
  <system-out>
    <![CDATA[--running TC2--]]>
  </system-out>
</testsuite> <!-- TestNG.example10_grouping2 -->
