<?xml version="1.0" encoding="UTF-8"?>
<!-- Generated by org.testng.reporters.JUnitReportReporter -->
<testsuite hostname="DESKTOP-RF178MA" failures="0" tests="2" name="TestNG.example5_TestNGKeyword5_dependsOnMethod" time="0.016" errors="0" timestamp="2023-06-18T12:44:27 IST" skipped="0">
  <testcase classname="TestNG.example5_TestNGKeyword5_dependsOnMethod" name="Login" time="0.016"/>
  <system-out>
    <![CDATA[---Running Login TC---]]>
  </system-out>
  <testcase classname="TestNG.example5_TestNGKeyword5_dependsOnMethod" name="LogOut" time="0.000"/>
  <system-out>
    <![CDATA[---Running LogOut TC---]]>
  </system-out>
</testsuite> <!-- TestNG.example5_TestNGKeyword5_dependsOnMethod -->
