<?xml version="1.0" encoding="UTF-8"?>
<!-- Generated by org.testng.reporters.JUnitReportReporter -->
<testsuite hostname="DESKTOP-RF178MA" failures="0" tests="5" name="TestNG.example9" time="0.025" errors="0" timestamp="2023-06-21T12:59:09 IST" skipped="0">
  <testcase classname="TestNG.example9" name="TC1" time="0.012"/>
  <system-out>
    <![CDATA[--running TC1--]]>
  </system-out>
  <testcase classname="TestNG.example9" name="TC5" time="0.002"/>
  <system-out>
    <![CDATA[--running TC5--]]>
  </system-out>
  <testcase classname="TestNG.example9" name="TC4" time="0.002"/>
  <system-out>
    <![CDATA[--running TC4--]]>
  </system-out>
  <testcase classname="TestNG.example9" name="TC2" time="0.003"/>
  <system-out>
    <![CDATA[--running TC2--]]>
  </system-out>
  <testcase classname="TestNG.example9" name="TC3" time="0.006"/>
  <system-out>
    <![CDATA[--running TC3--]]>
  </system-out>
</testsuite> <!-- TestNG.example9 -->
