<?xml version="1.0" encoding="UTF-8"?>
<!-- Generated by org.testng.reporters.JUnitReportReporter -->
<testsuite hostname="DESKTOP-RF178MA" failures="0" tests="3" name="TestNG.example6_sample2" time="0.004" errors="0" timestamp="2023-06-18T16:32:58 IST" skipped="0">
  <testcase classname="TestNG.example6_sample2" name="TC5" time="0.002"/>
  <system-out>
    <![CDATA[--running TC5--]]>
  </system-out>
  <testcase classname="TestNG.example6_sample2" name="TC4" time="0.001"/>
  <system-out>
    <![CDATA[--running TC4--]]>
  </system-out>
  <testcase classname="TestNG.example6_sample2" name="TC6" time="0.001"/>
  <system-out>
    <![CDATA[--running TC6--]]>
  </system-out>
</testsuite> <!-- TestNG.example6_sample2 -->
