<?xml version="1.0" encoding="UTF-8"?>
<!-- Generated by org.testng.reporters.JUnitReportReporter -->
<testsuite hostname="DESKTOP-RF178MA" failures="0" tests="1" name="POM_DDF_TestNG_BaseClass_UtilityClass.PBLoginTest1" time="13.250" errors="0" timestamp="2023-06-26T12:00:26 IST" skipped="0">
  <testcase classname="POM_DDF_TestNG_BaseClass_UtilityClass.PBLoginTest1" name="verifyFullName" time="13.250"/>
  <system-out/>
</testsuite> <!-- POM_DDF_TestNG_BaseClass_UtilityClass.PBLoginTest1 -->
