<?xml version="1.0" encoding="UTF-8"?>
<!-- Generated by org.testng.reporters.JUnitReportReporter -->
<testsuite hostname="DESKTOP-RF178MA" failures="0" tests="3" name="TestNG.example5_TestNGKeyword3_priority1" time="0.016" errors="0" timestamp="2023-06-08T01:12:38 IST" skipped="0">
  <testcase classname="TestNG.example5_TestNGKeyword3_priority1" name="TC3" time="0.003"/>
  <system-out>
    <![CDATA[--running TC3--]]>
  </system-out>
  <testcase classname="TestNG.example5_TestNGKeyword3_priority1" name="TC2" time="0.002"/>
  <system-out>
    <![CDATA[--running TC2--]]>
  </system-out>
  <testcase classname="TestNG.example5_TestNGKeyword3_priority1" name="TC1" time="0.011"/>
  <system-out>
    <![CDATA[--running TC1--]]>
  </system-out>
</testsuite> <!-- TestNG.example5_TestNGKeyword3_priority1 -->
