<?xml version="1.0" encoding="UTF-8"?>
<!-- Generated by org.testng.reporters.JUnitReportReporter -->
<testsuite hostname="DESKTOP-RF178MA" failures="0" tests="3" name="TestNG.example6_sample1" time="0.015" errors="0" timestamp="2023-06-18T16:32:58 IST" skipped="0">
  <testcase classname="TestNG.example6_sample1" name="TC2" time="0.002"/>
  <system-out>
    <![CDATA[--running TC2--]]>
  </system-out>
  <testcase classname="TestNG.example6_sample1" name="TC3" time="0.002"/>
  <system-out>
    <![CDATA[--running TC3--]]>
  </system-out>
  <testcase classname="TestNG.example6_sample1" name="TC1" time="0.011"/>
  <system-out>
    <![CDATA[--running TC1--]]>
  </system-out>
</testsuite> <!-- TestNG.example6_sample1 -->
