<?xml version="1.0" encoding="UTF-8"?>
<!-- Generated by org.testng.reporters.JUnitReportReporter -->
<testsuite hostname="DESKTOP-RF178MA" failures="0" tests="1" name="POM_DDF_TestNG_BaseClass_UtilityClass_CaptureSSOfFailedTCes_PropertyFile.PBLoginTest1" time="12.153" errors="0" timestamp="2023-06-26T12:02:09 IST" skipped="0">
  <testcase classname="POM_DDF_TestNG_BaseClass_UtilityClass_CaptureSSOfFailedTCes_PropertyFile.PBLoginTest1" name="verifyFullName" time="12.153"/>
  <system-out/>
</testsuite> <!-- POM_DDF_TestNG_BaseClass_UtilityClass_CaptureSSOfFailedTCes_PropertyFile.PBLoginTest1 -->
