<?xml version="1.0" encoding="UTF-8"?>
<!-- Generated by org.testng.reporters.JUnitReportReporter -->
<testsuite hostname="DESKTOP-RF178MA" failures="0" tests="4" name="TestNG.example5_TestNGKeyword3_priority2" time="0.016" errors="0" timestamp="2023-06-08T01:13:23 IST" skipped="0">
  <testcase classname="TestNG.example5_TestNGKeyword3_priority2" name="TC2" time="0.011"/>
  <system-out>
    <![CDATA[--running TC2--]]>
  </system-out>
  <testcase classname="TestNG.example5_TestNGKeyword3_priority2" name="TC3" time="0.001"/>
  <system-out>
    <![CDATA[--running TC3--]]>
  </system-out>
  <testcase classname="TestNG.example5_TestNGKeyword3_priority2" name="TC1" time="0.002"/>
  <system-out>
    <![CDATA[--running TC1--]]>
  </system-out>
  <testcase classname="TestNG.example5_TestNGKeyword3_priority2" name="TC4" time="0.002"/>
  <system-out>
    <![CDATA[--running TC4--]]>
  </system-out>
</testsuite> <!-- TestNG.example5_TestNGKeyword3_priority2 -->
