<?xml version="1.0" encoding="UTF-8"?>
<!-- Generated by org.testng.reporters.JUnitReportReporter -->
<testsuite hostname="DESKTOP-RF178MA" failures="0" tests="1" name="TestNG.example11_Parallel1" time="13.302" errors="0" timestamp="2023-06-21T13:12:35 IST" skipped="0">
  <testcase classname="TestNG.example11_Parallel1" name="openFacebookApp" time="13.302"/>
  <system-out/>
</testsuite> <!-- TestNG.example11_Parallel1 -->
